<?xml version="1.0" encoding="UTF-8"?>
<persistence xmlns="http://java.sun.com/xml/ns/persistence"
             xmlns:xsi="http://www.w3.org/2001/XMLSchema-instance"
             xsi:schemaLocation="http://java.sun.com/xml/ns/persistence http://java.sun.com/xml/ns/persistence/persistence_2_0.xsd" version="2.0">

    <persistence-unit name="uvms" transaction-type="JTA">
        <jta-data-source>java:/jdbc/USM2</jta-data-source>
         <properties>
            <property name="hibernate.dialect" value="org.hibernate.dialect.PostgreSQL9Dialect"/>
            <property name="show_sql" value="true" />
            
			<property name="format_sql" value="true" />
			<property name="use_sql_comments" value="true" />
        </properties>
    </persistence-unit>
</persistence>